2024-12-28 02:37:12 - Array
(
)

2024-12-28 02:37:12 - Query: SELECT * FROM propiedades WHERE 1=1
2024-12-28 02:37:12 - Params: Array
(
)

2024-12-28 02:37:22 - Array
(
    [tipo] => departamento
)

2024-12-28 02:37:22 - Query: SELECT * FROM propiedades WHERE 1=1 AND tipo = :tipo
2024-12-28 02:37:22 - Params: Array
(
    [:tipo] => departamento
)

2024-12-28 02:37:27 - Array
(
    [tipo] => terreno
)

2024-12-28 02:37:27 - Query: SELECT * FROM propiedades WHERE 1=1 AND tipo = :tipo
2024-12-28 02:37:27 - Params: Array
(
    [:tipo] => terreno
)

2024-12-28 02:37:33 - Array
(
    [tipo] => local
)

2024-12-28 02:37:33 - Query: SELECT * FROM propiedades WHERE 1=1 AND tipo = :tipo
2024-12-28 02:37:33 - Params: Array
(
    [:tipo] => local
)

2024-12-28 02:37:39 - Array
(
    [tipo] => casa
    [jacuzzi] => 1
)

2024-12-28 02:37:39 - Query: SELECT * FROM propiedades WHERE 1=1 AND tipo = :tipo AND jacuzzi = '1'
2024-12-28 02:37:39 - Params: Array
(
    [:tipo] => casa
)

2024-12-28 02:37:39 - Array
(
    [tipo] => casa
    [jacuzzi] => 1
)

2024-12-28 02:37:39 - Query: SELECT * FROM propiedades WHERE 1=1 AND tipo = :tipo AND jacuzzi = '1'
2024-12-28 02:37:39 - Params: Array
(
    [:tipo] => casa
)

2024-12-28 02:37:49 - Array
(
    [tipo] => casa
    [operacion] => venta
)

2024-12-28 02:37:49 - Query: SELECT * FROM propiedades WHERE 1=1 AND tipo = :tipo AND operacion = :operacion
2024-12-28 02:37:49 - Params: Array
(
    [:tipo] => casa
    [:operacion] => venta
)

2024-12-28 02:37:54 - Array
(
    [tipo] => casa
    [operacion] => renta
)

2024-12-28 02:37:54 - Query: SELECT * FROM propiedades WHERE 1=1 AND tipo = :tipo AND operacion = :operacion
2024-12-28 02:37:54 - Params: Array
(
    [:tipo] => casa
    [:operacion] => renta
)

2024-12-28 02:38:01 - Array
(
    [tipo] => casa
)

2024-12-28 02:38:01 - Query: SELECT * FROM propiedades WHERE 1=1 AND tipo = :tipo
2024-12-28 02:38:01 - Params: Array
(
    [:tipo] => casa
)

2024-12-28 02:38:09 - Array
(
    [tipo] => casa
    [direccion] => Ciudad de mexico
)

2024-12-28 02:38:09 - Query: SELECT * FROM propiedades WHERE 1=1 AND tipo = :tipo AND direccion LIKE :direccion
2024-12-28 02:38:09 - Params: Array
(
    [:tipo] => casa
    [:direccion] => %Ciudad de mexico%
)

2024-12-28 02:38:09 - Array
(
    [tipo] => casa
    [direccion] => Ciudad de mexico
)

2024-12-28 02:38:09 - Query: SELECT * FROM propiedades WHERE 1=1 AND tipo = :tipo AND direccion LIKE :direccion
2024-12-28 02:38:09 - Params: Array
(
    [:tipo] => casa
    [:direccion] => %Ciudad de mexico%
)

2024-12-28 02:41:49 - Array
(
)

2024-12-28 02:41:49 - Query: SELECT * FROM propiedades WHERE 1=1
2024-12-28 02:41:49 - Params: Array
(
)

2024-12-28 02:41:57 - Array
(
    [estudio] => 1
)

2024-12-28 02:41:57 - Query: SELECT * FROM propiedades WHERE 1=1 AND estudio = '1'
2024-12-28 02:41:57 - Params: Array
(
)

2024-12-28 02:42:03 - Array
(
    [aire_acondicionado] => 1
)

2024-12-28 02:42:03 - Query: SELECT * FROM propiedades WHERE 1=1 AND aire_acondicionado = '1'
2024-12-28 02:42:03 - Params: Array
(
)

2024-12-28 03:15:15 - Array
(
    [aire_acondicionado] => 1
)

2024-12-28 03:15:15 - Query: SELECT * FROM propiedades WHERE 1=1 AND aire_acondicionado = '1'
2024-12-28 03:15:15 - Params: Array
(
)

2024-12-28 03:15:18 - Array
(
    [garage] => 1
)

2024-12-28 03:15:18 - Query: SELECT * FROM propiedades WHERE 1=1 AND garage = '1'
2024-12-28 03:15:18 - Params: Array
(
)

2025-04-29 13:09:02 - Array
(
)

2025-04-29 13:09:02 - Query: SELECT * FROM propiedades WHERE 1=1
2025-04-29 13:09:02 - Params: Array
(
)

2025-04-29 13:27:42 - Error: SQLSTATE[HY000] [1049] Unknown database 'inmobiliaria_landing_db'
2025-04-29 13:30:34 - Array
(
)

2025-04-29 13:30:34 - Query: SELECT * FROM propiedades WHERE estado = 'disponible'
2025-04-29 13:30:34 - Params: Array
(
)

2025-04-29 13:31:55 - Array
(
    [direccion] => Ciudad de Mexico
)

2025-04-29 13:31:55 - Query: SELECT * FROM propiedades WHERE estado = 'disponible' AND direccion LIKE :direccion
2025-04-29 13:31:55 - Params: Array
(
    [:direccion] => %Ciudad de Mexico%
)

2025-04-29 13:39:01 - Array
(
)

2025-04-29 13:39:01 - Query: SELECT * FROM propiedades WHERE estado = 'disponible'
2025-04-29 13:39:01 - Params: Array
(
)

2025-04-29 13:46:43 - Array
(
)

2025-04-29 13:46:43 - Query: SELECT * FROM propiedades WHERE estado = 'disponible'
2025-04-29 13:46:43 - Params: Array
(
)

2025-04-29 13:48:04 - Array
(
    [garage] => 1
)

2025-04-29 13:48:04 - Query: SELECT * FROM propiedades WHERE estado = 'disponible' AND garage = '1'
2025-04-29 13:48:04 - Params: Array
(
)

2025-04-29 13:51:04 - Array
(
)

2025-04-29 13:51:04 - Query: SELECT * FROM propiedades WHERE estado = 'disponible'
2025-04-29 13:51:04 - Params: Array
(
)

2025-04-29 14:08:45 - Array
(
)

2025-04-29 14:08:45 - Query: SELECT * FROM propiedades WHERE estado = 'disponible'
2025-04-29 14:08:45 - Params: Array
(
)

2025-04-29 14:08:47 - Array
(
)

2025-04-29 14:08:47 - Query: SELECT * FROM propiedades WHERE estado = 'disponible'
2025-04-29 14:08:47 - Params: Array
(
)

2025-04-29 14:28:53 - Array
(
)

2025-04-29 14:28:53 - Query: SELECT * FROM propiedades WHERE estado = 'disponible'
2025-04-29 14:28:53 - Params: Array
(
)

2025-04-29 22:25:52 - Array
(
)

2025-04-29 22:25:52 - Query: SELECT * FROM propiedades WHERE estado = 'disponible'
2025-04-29 22:25:52 - Params: Array
(
)

2025-04-29 22:26:11 - Array
(
)

2025-04-29 22:26:11 - Query: SELECT * FROM propiedades WHERE estado = 'disponible'
2025-04-29 22:26:11 - Params: Array
(
)

2025-04-29 22:26:35 - Array
(
)

2025-04-29 22:26:35 - Query: SELECT * FROM propiedades WHERE estado = 'disponible'
2025-04-29 22:26:35 - Params: Array
(
)

2025-04-29 22:27:23 - Array
(
)

2025-04-29 22:27:23 - Query: SELECT * FROM propiedades WHERE estado = 'disponible'
2025-04-29 22:27:23 - Params: Array
(
)

2025-04-29 22:29:18 - Array
(
)

2025-04-29 22:29:18 - Query: SELECT * FROM propiedades WHERE estado = 'disponible'
2025-04-29 22:29:18 - Params: Array
(
)

2025-04-29 22:29:50 - Array
(
)

2025-04-29 22:29:50 - Query: SELECT * FROM propiedades WHERE estado = 'disponible'
2025-04-29 22:29:50 - Params: Array
(
)

2025-04-29 22:30:52 - Array
(
)

2025-04-29 22:30:52 - Query: SELECT * FROM propiedades WHERE estado = 'disponible'
2025-04-29 22:30:52 - Params: Array
(
)

2025-04-29 22:32:25 - Array
(
)

2025-04-29 22:32:25 - Query: SELECT * FROM propiedades WHERE estado = 'disponible'
2025-04-29 22:32:25 - Params: Array
(
)

